# JRE version: Java(TM) SE Runtime Environment (17.0.11+7) (build 17.0.11+7-LTS-207)
# Java VM: Java HotSpot(TM) 64-Bit Server VM (17.0.11+7-LTS-207, mixed mode, sharing, tiered, compressed oops, compressed class ptrs, g1 gc, windows-amd64)
GC Precious Log:
 CPUs: 8 total, 8 available
 Memory: 7505M
 Large Page Support: Disabled
 NUMA Support: Disabled
 Compressed Oops: Enabled (32-bit)
 Heap Region Size: 1M
 Heap Min Capacity: 8M
 Heap Initial Capacity: 118M
 Heap Max Capacity: 1878M
 Pre-touch: Disabled
 Parallel Workers: 8
 Concurrent Workers: 2
 Concurrent Refinement Workers: 8
 Periodic GC: Disabled
Heap:
 garbage-first heap   total 65536K, used 42865K [0x000000008aa00000, 0x0000000100000000)
  region size 1024K, 27 young (27648K), 4 survivors (4096K)
 Metaspace       used 30887K, committed 31296K, reserved 1114112K
  class space    used 3981K, committed 4224K, reserved 1048576K
GC Heap History (10 events):
Event: 2.480 GC heap before
{Heap before GC invocations=0 (full 0):
 garbage-first heap   total 120832K, used 25600K [0x000000008aa00000, 0x0000000100000000)
  region size 1024K, 23 young (23552K), 0 survivors (0K)
 Metaspace       used 5259K, committed 5440K, reserved 1114112K
  class space    used 580K, committed 640K, reserved 1048576K
}
Event: 2.489 GC heap after
{Heap after GC invocations=1 (full 0):
 garbage-first heap   total 120832K, used 10220K [0x000000008aa00000, 0x0000000100000000)
  region size 1024K, 3 young (3072K), 3 survivors (3072K)
 Metaspace       used 5259K, committed 5440K, reserved 1114112K
  class space    used 580K, committed 640K, reserved 1048576K
}
Event: 4.187 GC heap before
{Heap before GC invocations=1 (full 0):
 garbage-first heap   total 120832K, used 34796K [0x000000008aa00000, 0x0000000100000000)
  region size 1024K, 28 young (28672K), 3 survivors (3072K)
 Metaspace       used 11722K, committed 11968K, reserved 1114112K
  class space    used 1414K, committed 1536K, reserved 1048576K
}
Event: 4.193 GC heap after
{Heap after GC invocations=2 (full 0):
 garbage-first heap   total 120832K, used 12111K [0x000000008aa00000, 0x0000000100000000)
  region size 1024K, 2 young (2048K), 2 survivors (2048K)
 Metaspace       used 11722K, committed 11968K, reserved 1114112K
  class space    used 1414K, committed 1536K, reserved 1048576K
}
Event: 6.346 GC heap before
{Heap before GC invocations=2 (full 0):
 garbage-first heap   total 120832K, used 70479K [0x000000008aa00000, 0x0000000100000000)
  region size 1024K, 60 young (61440K), 2 survivors (2048K)
 Metaspace       used 20114K, committed 20416K, reserved 1114112K
  class space    used 2436K, committed 2560K, reserved 1048576K
}
Event: 6.358 GC heap after
{Heap after GC invocations=3 (full 0):
 garbage-first heap   total 120832K, used 17989K [0x000000008aa00000, 0x0000000100000000)
  region size 1024K, 8 young (8192K), 8 survivors (8192K)
 Metaspace       used 20114K, committed 20416K, reserved 1114112K
  class space    used 2436K, committed 2560K, reserved 1048576K
}
Event: 7.043 GC heap before
{Heap before GC invocations=3 (full 0):
 garbage-first heap   total 120832K, used 26181K [0x000000008aa00000, 0x0000000100000000)
  region size 1024K, 17 young (17408K), 8 survivors (8192K)
 Metaspace       used 21221K, committed 21504K, reserved 1114112K
  class space    used 2580K, committed 2688K, reserved 1048576K
}
Event: 7.056 GC heap after
{Heap after GC invocations=4 (full 0):
 garbage-first heap   total 120832K, used 17896K [0x000000008aa00000, 0x0000000100000000)
  region size 1024K, 1 young (1024K), 1 survivors (1024K)
 Metaspace       used 21221K, committed 21504K, reserved 1114112K
  class space    used 2580K, committed 2688K, reserved 1048576K
}
Event: 9.996 GC heap before
{Heap before GC invocations=5 (full 0):
 garbage-first heap   total 65536K, used 53736K [0x000000008aa00000, 0x0000000100000000)
  region size 1024K, 37 young (37888K), 1 survivors (1024K)
 Metaspace       used 25565K, committed 25920K, reserved 1114112K
  class space    used 3216K, committed 3392K, reserved 1048576K
}
Event: 10.006 GC heap after
{Heap after GC invocations=6 (full 0):
 garbage-first heap   total 65536K, used 20337K [0x000000008aa00000, 0x0000000100000000)
  region size 1024K, 4 young (4096K), 4 survivors (4096K)
 Metaspace       used 25565K, committed 25920K, reserved 1114112K
  class space    used 3216K, committed 3392K, reserved 1048576K
}

