# JRE version: Java(TM) SE Runtime Environment (17.0.11+7) (build 17.0.11+7-LTS-207)
# Java VM: Java HotSpot(TM) 64-Bit Server VM (17.0.11+7-LTS-207, mixed mode, sharing, tiered, compressed oops, compressed class ptrs, g1 gc, windows-amd64)
GC Precious Log:
 CPUs: 8 total, 8 available
 Memory: 7505M
 Large Page Support: Disabled
 NUMA Support: Disabled
 Compressed Oops: Enabled (32-bit)
 Heap Region Size: 1M
 Heap Min Capacity: 8M
 Heap Initial Capacity: 118M
 Heap Max Capacity: 1878M
 Pre-touch: Disabled
 Parallel Workers: 8
 Concurrent Workers: 2
 Concurrent Refinement Workers: 8
 Periodic GC: Disabled
Heap:
 garbage-first heap   total 65536K, used 42739K [0x000000008aa00000, 0x0000000100000000)
  region size 1024K, 11 young (11264K), 2 survivors (2048K)
 Metaspace       used 62498K, committed 62976K, reserved 1114112K
  class space    used 8290K, committed 8512K, reserved 1048576K
GC Heap History (20 events):
Event: 9.974 GC heap before
{Heap before GC invocations=8 (full 0):
 garbage-first heap   total 65536K, used 47123K [0x000000008aa00000, 0x0000000100000000)
  region size 1024K, 27 young (27648K), 3 survivors (3072K)
 Metaspace       used 32780K, committed 33216K, reserved 1114112K
  class space    used 4171K, committed 4352K, reserved 1048576K
}
Event: 9.983 GC heap after
{Heap after GC invocations=9 (full 0):
 garbage-first heap   total 65536K, used 23877K [0x000000008aa00000, 0x0000000100000000)
  region size 1024K, 2 young (2048K), 2 survivors (2048K)
 Metaspace       used 32780K, committed 33216K, reserved 1114112K
  class space    used 4171K, committed 4352K, reserved 1048576K
}
Event: 10.582 GC heap before
{Heap before GC invocations=9 (full 0):
 garbage-first heap   total 65536K, used 48453K [0x000000008aa00000, 0x0000000100000000)
  region size 1024K, 26 young (26624K), 2 survivors (2048K)
 Metaspace       used 33577K, committed 33920K, reserved 1114112K
  class space    used 4324K, committed 4480K, reserved 1048576K
}
Event: 10.588 GC heap after
{Heap after GC invocations=10 (full 0):
 garbage-first heap   total 65536K, used 25108K [0x000000008aa00000, 0x0000000100000000)
  region size 1024K, 3 young (3072K), 3 survivors (3072K)
 Metaspace       used 33577K, committed 33920K, reserved 1114112K
  class space    used 4324K, committed 4480K, reserved 1048576K
}
Event: 12.458 GC heap before
{Heap before GC invocations=10 (full 0):
 garbage-first heap   total 65536K, used 35348K [0x000000008aa00000, 0x0000000100000000)
  region size 1024K, 14 young (14336K), 3 survivors (3072K)
 Metaspace       used 35614K, committed 35968K, reserved 1114112K
  class space    used 4534K, committed 4672K, reserved 1048576K
}
Event: 12.465 GC heap after
{Heap after GC invocations=11 (full 0):
 garbage-first heap   total 65536K, used 25756K [0x000000008aa00000, 0x0000000100000000)
  region size 1024K, 2 young (2048K), 2 survivors (2048K)
 Metaspace       used 35614K, committed 35968K, reserved 1114112K
  class space    used 4534K, committed 4672K, reserved 1048576K
}
Event: 15.008 GC heap before
{Heap before GC invocations=12 (full 0):
 garbage-first heap   total 65536K, used 51356K [0x000000008aa00000, 0x0000000100000000)
  region size 1024K, 26 young (26624K), 2 survivors (2048K)
 Metaspace       used 39056K, committed 39488K, reserved 1114112K
  class space    used 4971K, committed 5184K, reserved 1048576K
}
Event: 15.019 GC heap after
{Heap after GC invocations=13 (full 0):
 garbage-first heap   total 65536K, used 28292K [0x000000008aa00000, 0x0000000100000000)
  region size 1024K, 4 young (4096K), 4 survivors (4096K)
 Metaspace       used 39056K, committed 39488K, reserved 1114112K
  class space    used 4971K, committed 5184K, reserved 1048576K
}
Event: 15.591 GC heap before
{Heap before GC invocations=13 (full 0):
 garbage-first heap   total 65536K, used 50820K [0x000000008aa00000, 0x0000000100000000)
  region size 1024K, 26 young (26624K), 4 survivors (4096K)
 Metaspace       used 39891K, committed 40320K, reserved 1114112K
  class space    used 5104K, committed 5312K, reserved 1048576K
}
Event: 15.600 GC heap after
{Heap after GC invocations=14 (full 0):
 garbage-first heap   total 65536K, used 29933K [0x000000008aa00000, 0x0000000100000000)
  region size 1024K, 2 young (2048K), 2 survivors (2048K)
 Metaspace       used 39891K, committed 40320K, reserved 1114112K
  class space    used 5104K, committed 5312K, reserved 1048576K
}
Event: 16.309 GC heap before
{Heap before GC invocations=14 (full 0):
 garbage-first heap   total 65536K, used 51437K [0x000000008aa00000, 0x0000000100000000)
  region size 1024K, 23 young (23552K), 2 survivors (2048K)
 Metaspace       used 40923K, committed 41408K, reserved 1114112K
  class space    used 5257K, committed 5504K, reserved 1048576K
}
Event: 16.311 GC heap after
{Heap after GC invocations=15 (full 0):
 garbage-first heap   total 65536K, used 30467K [0x000000008aa00000, 0x0000000100000000)
  region size 1024K, 3 young (3072K), 3 survivors (3072K)
 Metaspace       used 40923K, committed 41408K, reserved 1114112K
  class space    used 5257K, committed 5504K, reserved 1048576K
}
Event: 17.198 GC heap before
{Heap before GC invocations=15 (full 0):
 garbage-first heap   total 65536K, used 50947K [0x000000008aa00000, 0x0000000100000000)
  region size 1024K, 23 young (23552K), 3 survivors (3072K)
 Metaspace       used 42856K, committed 43328K, reserved 1114112K
  class space    used 5518K, committed 5760K, reserved 1048576K
}
Event: 17.202 GC heap after
{Heap after GC invocations=16 (full 0):
 garbage-first heap   total 65536K, used 31620K [0x000000008aa00000, 0x0000000100000000)
  region size 1024K, 3 young (3072K), 3 survivors (3072K)
 Metaspace       used 42856K, committed 43328K, reserved 1114112K
  class space    used 5518K, committed 5760K, reserved 1048576K
}
Event: 18.487 GC heap before
{Heap before GC invocations=16 (full 0):
 garbage-first heap   total 65536K, used 52100K [0x000000008aa00000, 0x0000000100000000)
  region size 1024K, 23 young (23552K), 3 survivors (3072K)
 Metaspace       used 47611K, committed 48064K, reserved 1114112K
  class space    used 6316K, committed 6528K, reserved 1048576K
}
Event: 18.491 GC heap after
{Heap after GC invocations=17 (full 0):
 garbage-first heap   total 65536K, used 32417K [0x000000008aa00000, 0x0000000100000000)
  region size 1024K, 2 young (2048K), 2 survivors (2048K)
 Metaspace       used 47611K, committed 48064K, reserved 1114112K
  class space    used 6316K, committed 6528K, reserved 1048576K
}
Event: 21.595 GC heap before
{Heap before GC invocations=18 (full 0):
 garbage-first heap   total 65536K, used 52897K [0x000000008aa00000, 0x0000000100000000)
  region size 1024K, 22 young (22528K), 2 survivors (2048K)
 Metaspace       used 55318K, committed 55744K, reserved 1114112K
  class space    used 7288K, committed 7488K, reserved 1048576K
}
Event: 21.599 GC heap after
{Heap after GC invocations=19 (full 0):
 garbage-first heap   total 65536K, used 34577K [0x000000008aa00000, 0x0000000100000000)
  region size 1024K, 3 young (3072K), 3 survivors (3072K)
 Metaspace       used 55318K, committed 55744K, reserved 1114112K
  class space    used 7288K, committed 7488K, reserved 1048576K
}
Event: 22.830 GC heap before
{Heap before GC invocations=19 (full 0):
 garbage-first heap   total 65536K, used 53009K [0x000000008aa00000, 0x0000000100000000)
  region size 1024K, 21 young (21504K), 3 survivors (3072K)
 Metaspace       used 59194K, committed 59712K, reserved 1114112K
  class space    used 7750K, committed 8000K, reserved 1048576K
}
Event: 22.834 GC heap after
{Heap after GC invocations=20 (full 0):
 garbage-first heap   total 65536K, used 35571K [0x000000008aa00000, 0x0000000100000000)
  region size 1024K, 2 young (2048K), 2 survivors (2048K)
 Metaspace       used 59194K, committed 59712K, reserved 1114112K
  class space    used 7750K, committed 8000K, reserved 1048576K
}

