# JRE version: Java(TM) SE Runtime Environment (17.0.11+7) (build 17.0.11+7-LTS-207)
# Java VM: Java HotSpot(TM) 64-Bit Server VM (17.0.11+7-LTS-207, mixed mode, sharing, tiered, compressed oops, compressed class ptrs, g1 gc, windows-amd64)
GC Precious Log:
 CPUs: 8 total, 8 available
 Memory: 7505M
 Large Page Support: Disabled
 NUMA Support: Disabled
 Compressed Oops: Enabled (32-bit)
 Heap Region Size: 1M
 Heap Min Capacity: 8M
 Heap Initial Capacity: 118M
 Heap Max Capacity: 1878M
 Pre-touch: Disabled
 Parallel Workers: 8
 Concurrent Workers: 2
 Concurrent Refinement Workers: 8
 Periodic GC: Disabled
Heap:
 garbage-first heap   total 97280K, used 73255K [0x000000008aa00000, 0x0000000100000000)
  region size 1024K, 27 young (27648K), 4 survivors (4096K)
 Metaspace       used 81099K, committed 81664K, reserved 1179648K
  class space    used 11086K, committed 11328K, reserved 1048576K
GC Heap History (20 events):
Event: 28.895 GC heap before
{Heap before GC invocations=34 (full 0):
 garbage-first heap   total 75776K, used 44404K [0x000000008aa00000, 0x0000000100000000)
  region size 1024K, 4 young (4096K), 3 survivors (3072K)
 Metaspace       used 72180K, committed 72704K, reserved 1114112K
  class space    used 9805K, committed 10048K, reserved 1048576K
}
Event: 28.898 GC heap after
{Heap after GC invocations=35 (full 0):
 garbage-first heap   total 75776K, used 43190K [0x000000008aa00000, 0x0000000100000000)
  region size 1024K, 1 young (1024K), 1 survivors (1024K)
 Metaspace       used 72180K, committed 72704K, reserved 1114112K
  class space    used 9805K, committed 10048K, reserved 1048576K
}
Event: 29.330 GC heap before
{Heap before GC invocations=35 (full 0):
 garbage-first heap   total 75776K, used 63670K [0x000000008aa00000, 0x0000000100000000)
  region size 1024K, 21 young (21504K), 1 survivors (1024K)
 Metaspace       used 72604K, committed 73152K, reserved 1114112K
  class space    used 9858K, committed 10112K, reserved 1048576K
}
Event: 29.332 GC heap after
{Heap after GC invocations=36 (full 0):
 garbage-first heap   total 75776K, used 43736K [0x000000008aa00000, 0x0000000100000000)
  region size 1024K, 1 young (1024K), 1 survivors (1024K)
 Metaspace       used 72604K, committed 73152K, reserved 1114112K
  class space    used 9858K, committed 10112K, reserved 1048576K
}
Event: 29.713 GC heap before
{Heap before GC invocations=37 (full 0):
 garbage-first heap   total 78848K, used 64216K [0x000000008aa00000, 0x0000000100000000)
  region size 1024K, 21 young (21504K), 1 survivors (1024K)
 Metaspace       used 72959K, committed 73536K, reserved 1114112K
  class space    used 9911K, committed 10176K, reserved 1048576K
}
Event: 29.716 GC heap after
{Heap after GC invocations=38 (full 0):
 garbage-first heap   total 78848K, used 44579K [0x000000008aa00000, 0x0000000100000000)
  region size 1024K, 2 young (2048K), 2 survivors (2048K)
 Metaspace       used 72959K, committed 73536K, reserved 1114112K
  class space    used 9911K, committed 10176K, reserved 1048576K
}
Event: 30.151 GC heap before
{Heap before GC invocations=38 (full 0):
 garbage-first heap   total 78848K, used 67107K [0x000000008aa00000, 0x0000000100000000)
  region size 1024K, 24 young (24576K), 2 survivors (2048K)
 Metaspace       used 73241K, committed 73856K, reserved 1114112K
  class space    used 9958K, committed 10240K, reserved 1048576K
}
Event: 30.155 GC heap after
{Heap after GC invocations=39 (full 0):
 garbage-first heap   total 78848K, used 45669K [0x000000008aa00000, 0x0000000100000000)
  region size 1024K, 2 young (2048K), 2 survivors (2048K)
 Metaspace       used 73241K, committed 73856K, reserved 1114112K
  class space    used 9958K, committed 10240K, reserved 1048576K
}
Event: 30.694 GC heap before
{Heap before GC invocations=40 (full 0):
 garbage-first heap   total 80896K, used 67173K [0x000000008aa00000, 0x0000000100000000)
  region size 1024K, 23 young (23552K), 2 survivors (2048K)
 Metaspace       used 73533K, committed 74048K, reserved 1114112K
  class space    used 10008K, committed 10240K, reserved 1048576K
}
Event: 30.698 GC heap after
{Heap after GC invocations=41 (full 0):
 garbage-first heap   total 80896K, used 46716K [0x000000008aa00000, 0x0000000100000000)
  region size 1024K, 3 young (3072K), 3 survivors (3072K)
 Metaspace       used 73533K, committed 74048K, reserved 1114112K
  class space    used 10008K, committed 10240K, reserved 1048576K
}
Event: 30.718 GC heap before
{Heap before GC invocations=41 (full 0):
 garbage-first heap   total 80896K, used 47740K [0x000000008aa00000, 0x0000000100000000)
  region size 1024K, 4 young (4096K), 3 survivors (3072K)
 Metaspace       used 73547K, committed 74048K, reserved 1114112K
  class space    used 10012K, committed 10240K, reserved 1048576K
}
Event: 30.722 GC heap after
{Heap after GC invocations=42 (full 0):
 garbage-first heap   total 80896K, used 46480K [0x000000008aa00000, 0x0000000100000000)
  region size 1024K, 1 young (1024K), 1 survivors (1024K)
 Metaspace       used 73547K, committed 74048K, reserved 1114112K
  class space    used 10012K, committed 10240K, reserved 1048576K
}
Event: 31.183 GC heap before
{Heap before GC invocations=42 (full 0):
 garbage-first heap   total 80896K, used 67984K [0x000000008aa00000, 0x0000000100000000)
  region size 1024K, 22 young (22528K), 1 survivors (1024K)
 Metaspace       used 73890K, committed 74368K, reserved 1114112K
  class space    used 10066K, committed 10304K, reserved 1048576K
}
Event: 31.186 GC heap after
{Heap after GC invocations=43 (full 0):
 garbage-first heap   total 97280K, used 46900K [0x000000008aa00000, 0x0000000100000000)
  region size 1024K, 1 young (1024K), 1 survivors (1024K)
 Metaspace       used 73890K, committed 74368K, reserved 1114112K
  class space    used 10066K, committed 10304K, reserved 1048576K
}
Event: 32.121 GC heap before
{Heap before GC invocations=44 (full 0):
 garbage-first heap   total 97280K, used 80692K [0x000000008aa00000, 0x0000000100000000)
  region size 1024K, 34 young (34816K), 1 survivors (1024K)
 Metaspace       used 74757K, committed 75328K, reserved 1179648K
  class space    used 10213K, committed 10496K, reserved 1048576K
}
Event: 32.124 GC heap after
{Heap after GC invocations=45 (full 0):
 garbage-first heap   total 97280K, used 47942K [0x000000008aa00000, 0x0000000100000000)
  region size 1024K, 2 young (2048K), 2 survivors (2048K)
 Metaspace       used 74757K, committed 75328K, reserved 1179648K
  class space    used 10213K, committed 10496K, reserved 1048576K
}
Event: 33.179 GC heap before
{Heap before GC invocations=45 (full 0):
 garbage-first heap   total 97280K, used 81734K [0x000000008aa00000, 0x0000000100000000)
  region size 1024K, 35 young (35840K), 2 survivors (2048K)
 Metaspace       used 75289K, committed 75840K, reserved 1179648K
  class space    used 10274K, committed 10560K, reserved 1048576K
}
Event: 33.185 GC heap after
{Heap after GC invocations=46 (full 0):
 garbage-first heap   total 97280K, used 49406K [0x000000008aa00000, 0x0000000100000000)
  region size 1024K, 4 young (4096K), 4 survivors (4096K)
 Metaspace       used 75289K, committed 75840K, reserved 1179648K
  class space    used 10274K, committed 10560K, reserved 1048576K
}
Event: 34.722 GC heap before
{Heap before GC invocations=46 (full 0):
 garbage-first heap   total 97280K, used 81150K [0x000000008aa00000, 0x0000000100000000)
  region size 1024K, 35 young (35840K), 4 survivors (4096K)
 Metaspace       used 76608K, committed 77248K, reserved 1179648K
  class space    used 10497K, committed 10816K, reserved 1048576K
}
Event: 34.727 GC heap after
{Heap after GC invocations=47 (full 0):
 garbage-first heap   total 97280K, used 50727K [0x000000008aa00000, 0x0000000100000000)
  region size 1024K, 4 young (4096K), 4 survivors (4096K)
 Metaspace       used 76608K, committed 77248K, reserved 1179648K
  class space    used 10497K, committed 10816K, reserved 1048576K
}

